<?xml version="1.0" encoding="UTF-8"?>
<coverage generated="1703571448122" clover="3.2.0">
  <project timestamp="1703571448122" name="All files">
    <metrics statements="117" coveredstatements="55" conditionals="65" coveredconditionals="19" methods="31" coveredmethods="9" elements="213" coveredelements="83" complexity="0" loc="117" ncloc="117" packages="1" files="1" classes="1"/>
    <file name="Account.jsx" path="D:\Holiday Project\final_project\src\pages\Account.jsx">
      <metrics statements="117" coveredstatements="55" conditionals="65" coveredconditionals="19" methods="31" coveredmethods="9"/>
      <line num="14" count="1" type="stmt"/>
      <line num="15" count="2" type="stmt"/>
      <line num="17" count="2" type="stmt"/>
      <line num="18" count="1" type="stmt"/>
      <line num="19" count="1" type="stmt"/>
      <line num="20" count="1" type="stmt"/>
      <line num="21" count="1" type="stmt"/>
      <line num="22" count="1" type="stmt"/>
      <line num="23" count="1" type="stmt"/>
      <line num="24" count="1" type="stmt"/>
      <line num="25" count="1" type="stmt"/>
      <line num="27" count="1" type="stmt"/>
      <line num="28" count="1" type="stmt"/>
      <line num="29" count="1" type="stmt"/>
      <line num="31" count="1" type="stmt"/>
      <line num="33" count="1" type="stmt"/>
      <line num="34" count="1" type="stmt"/>
      <line num="35" count="1" type="stmt"/>
      <line num="36" count="1" type="stmt"/>
      <line num="37" count="1" type="stmt"/>
      <line num="41" count="1" type="stmt"/>
      <line num="42" count="1" type="cond" truecount="1" falsecount="1"/>
      <line num="43" count="1" type="stmt"/>
      <line num="44" count="1" type="stmt"/>
      <line num="47" count="0" type="stmt"/>
      <line num="52" count="1" type="stmt"/>
      <line num="53" count="1" type="cond" truecount="1" falsecount="1"/>
      <line num="54" count="1" type="stmt"/>
      <line num="55" count="1" type="cond" truecount="1" falsecount="1"/>
      <line num="56" count="1" type="stmt"/>
      <line num="60" count="0" type="stmt"/>
      <line num="64" count="1" type="stmt"/>
      <line num="65" count="1" type="stmt"/>
      <line num="66" count="1" type="stmt"/>
      <line num="67" count="1" type="stmt"/>
      <line num="68" count="1" type="stmt"/>
      <line num="69" count="1" type="stmt"/>
      <line num="71" count="1" type="cond" truecount="1" falsecount="1"/>
      <line num="72" count="1" type="cond" truecount="2" falsecount="5"/>
      <line num="73" count="0" type="stmt"/>
      <line num="80" count="0" type="cond" truecount="0" falsecount="2"/>
      <line num="81" count="0" type="stmt"/>
      <line num="82" count="0" type="stmt"/>
      <line num="84" count="0" type="stmt"/>
      <line num="85" count="0" type="stmt"/>
      <line num="90" count="0" type="cond" truecount="0" falsecount="2"/>
      <line num="91" count="0" type="cond" truecount="0" falsecount="8"/>
      <line num="92" count="0" type="stmt"/>
      <line num="94" count="0" type="stmt"/>
      <line num="102" count="0" type="cond" truecount="0" falsecount="2"/>
      <line num="103" count="0" type="stmt"/>
      <line num="104" count="0" type="stmt"/>
      <line num="106" count="0" type="stmt"/>
      <line num="107" count="0" type="stmt"/>
      <line num="112" count="0" type="stmt"/>
      <line num="113" count="0" type="stmt"/>
      <line num="118" count="1" type="stmt"/>
      <line num="119" count="0" type="stmt"/>
      <line num="120" count="0" type="stmt"/>
      <line num="122" count="0" type="stmt"/>
      <line num="123" count="0" type="stmt"/>
      <line num="124" count="0" type="stmt"/>
      <line num="126" count="0" type="stmt"/>
      <line num="127" count="0" type="stmt"/>
      <line num="128" count="0" type="stmt"/>
      <line num="132" count="0" type="stmt"/>
      <line num="136" count="1" type="stmt"/>
      <line num="137" count="1" type="stmt"/>
      <line num="138" count="1" type="stmt"/>
      <line num="139" count="1" type="stmt"/>
      <line num="140" count="1" type="stmt"/>
      <line num="142" count="1" type="stmt"/>
      <line num="143" count="0" type="cond" truecount="0" falsecount="2"/>
      <line num="144" count="0" type="stmt"/>
      <line num="148" count="0" type="cond" truecount="0" falsecount="2"/>
      <line num="149" count="0" type="stmt"/>
      <line num="150" count="0" type="stmt"/>
      <line num="152" count="0" type="stmt"/>
      <line num="153" count="0" type="stmt"/>
      <line num="157" count="0" type="stmt"/>
      <line num="158" count="0" type="stmt"/>
      <line num="164" count="1" type="stmt"/>
      <line num="165" count="1" type="cond" truecount="1" falsecount="1"/>
      <line num="166" count="0" type="stmt"/>
      <line num="167" count="0" type="stmt"/>
      <line num="172" count="1" type="stmt"/>
      <line num="174" count="0" type="stmt"/>
      <line num="176" count="0" type="stmt"/>
      <line num="178" count="0" type="stmt"/>
      <line num="181" count="0" type="stmt"/>
      <line num="185" count="1" type="stmt"/>
      <line num="186" count="0" type="stmt"/>
      <line num="187" count="0" type="stmt"/>
      <line num="188" count="0" type="stmt"/>
      <line num="191" count="1" type="stmt"/>
      <line num="192" count="0" type="stmt"/>
      <line num="193" count="0" type="stmt"/>
      <line num="194" count="0" type="stmt"/>
      <line num="197" count="1" type="stmt"/>
      <line num="198" count="0" type="stmt"/>
      <line num="199" count="0" type="stmt"/>
      <line num="200" count="0" type="stmt"/>
      <line num="203" count="1" type="cond" truecount="1" falsecount="1"/>
      <line num="204" count="1" type="cond" truecount="1" falsecount="1"/>
      <line num="205" count="1" type="cond" truecount="1" falsecount="1"/>
      <line num="207" count="1" type="stmt"/>
      <line num="208" count="0" type="stmt"/>
      <line num="209" count="0" type="stmt"/>
      <line num="212" count="1" type="stmt"/>
      <line num="219" count="0" type="stmt"/>
      <line num="285" count="0" type="stmt"/>
      <line num="335" count="0" type="stmt"/>
      <line num="342" count="0" type="stmt"/>
      <line num="349" count="0" type="stmt"/>
      <line num="353" count="0" type="stmt"/>
      <line num="366" count="0" type="stmt"/>
      <line num="377" count="0" type="stmt"/>
    </file>
  </project>
</coverage>
