{"H:\\Video Recording\\Binar materi\\New folder\\final_project\\src\\api\\setCookie.js": {"path":"H:\\Video Recording\\Binar materi\\New folder\\final_project\\src\\api\\setCookie.js","statementMap":{"0":{"start":{"line":1,"column":23},"end":{"line":5,"column":1}},"1":{"start":{"line":2,"column":25},"end":{"line":2,"column":63}},"2":{"start":{"line":4,"column":4},"end":{"line":4,"column":35}}},"fnMap":{"0":{"name":"(anonymous_0)","decl":{"start":{"line":1,"column":23},"end":{"line":1,"column":24}},"loc":{"start":{"line":1,"column":52},"end":{"line":5,"column":1}},"line":1}},"branchMap":{},"s":{"0":1,"1":0,"2":0},"f":{"0":0},"b":{},"_coverageSchema":"1a1c01bbd47fc00a2c39e90264f33305004495a9","hash":"efefbf57d70b29c9200844cab9659a9bd601b359"}
,"H:\\Video Recording\\Binar materi\\New folder\\final_project\\src\\components\\Button\\Button.jsx": {"path":"H:\\Video Recording\\Binar materi\\New folder\\final_project\\src\\components\\Button\\Button.jsx","statementMap":{"0":{"start":{"line":4,"column":15},"end":{"line":14,"column":1}},"1":{"start":{"line":5,"column":2},"end":{"line":13,"column":4}}},"fnMap":{"0":{"name":"(anonymous_0)","decl":{"start":{"line":4,"column":15},"end":{"line":4,"column":16}},"loc":{"start":{"line":4,"column":39},"end":{"line":14,"column":1}},"line":4}},"branchMap":{},"s":{"0":1,"1":13},"f":{"0":13},"b":{},"_coverageSchema":"1a1c01bbd47fc00a2c39e90264f33305004495a9","hash":"356ded3aea1af90576718831ba46d5538c38213c"}
,"H:\\Video Recording\\Binar materi\\New folder\\final_project\\src\\components\\LoginAndRegister\\RegisterForm.jsx": {"path":"H:\\Video Recording\\Binar materi\\New folder\\final_project\\src\\components\\LoginAndRegister\\RegisterForm.jsx","statementMap":{"0":{"start":{"line":7,"column":21},"end":{"line":110,"column":1}},"1":{"start":{"line":8,"column":19},"end":{"line":8,"column":32}},"2":{"start":{"line":9,"column":26},"end":{"line":9,"column":38}},"3":{"start":{"line":10,"column":28},"end":{"line":10,"column":40}},"4":{"start":{"line":11,"column":28},"end":{"line":11,"column":40}},"5":{"start":{"line":12,"column":34},"end":{"line":12,"column":46}},"6":{"start":{"line":13,"column":19},"end":{"line":37,"column":3}},"7":{"start":{"line":14,"column":4},"end":{"line":36,"column":5}},"8":{"start":{"line":15,"column":6},"end":{"line":15,"column":52}},"9":{"start":{"line":16,"column":23},"end":{"line":24,"column":7}},"10":{"start":{"line":26,"column":6},"end":{"line":33,"column":7}},"11":{"start":{"line":27,"column":8},"end":{"line":27,"column":42}},"12":{"start":{"line":28,"column":8},"end":{"line":30,"column":11}},"13":{"start":{"line":32,"column":8},"end":{"line":32,"column":71}},"14":{"start":{"line":35,"column":6},"end":{"line":35,"column":37}},"15":{"start":{"line":39,"column":2},"end":{"line":109,"column":4}},"16":{"start":{"line":51,"column":29},"end":{"line":51,"column":52}},"17":{"start":{"line":63,"column":29},"end":{"line":63,"column":53}},"18":{"start":{"line":75,"column":29},"end":{"line":75,"column":53}},"19":{"start":{"line":87,"column":29},"end":{"line":87,"column":56}},"20":{"start":{"line":100,"column":27},"end":{"line":100,"column":45}}},"fnMap":{"0":{"name":"(anonymous_0)","decl":{"start":{"line":7,"column":21},"end":{"line":7,"column":22}},"loc":{"start":{"line":7,"column":27},"end":{"line":110,"column":1}},"line":7},"1":{"name":"(anonymous_1)","decl":{"start":{"line":13,"column":19},"end":{"line":13,"column":20}},"loc":{"start":{"line":13,"column":31},"end":{"line":37,"column":3}},"line":13},"2":{"name":"(anonymous_2)","decl":{"start":{"line":51,"column":22},"end":{"line":51,"column":23}},"loc":{"start":{"line":51,"column":29},"end":{"line":51,"column":52}},"line":51},"3":{"name":"(anonymous_3)","decl":{"start":{"line":63,"column":22},"end":{"line":63,"column":23}},"loc":{"start":{"line":63,"column":29},"end":{"line":63,"column":53}},"line":63},"4":{"name":"(anonymous_4)","decl":{"start":{"line":75,"column":22},"end":{"line":75,"column":23}},"loc":{"start":{"line":75,"column":29},"end":{"line":75,"column":53}},"line":75},"5":{"name":"(anonymous_5)","decl":{"start":{"line":87,"column":22},"end":{"line":87,"column":23}},"loc":{"start":{"line":87,"column":29},"end":{"line":87,"column":56}},"line":87},"6":{"name":"(anonymous_6)","decl":{"start":{"line":100,"column":21},"end":{"line":100,"column":22}},"loc":{"start":{"line":100,"column":27},"end":{"line":100,"column":45}},"line":100}},"branchMap":{"0":{"loc":{"start":{"line":26,"column":6},"end":{"line":33,"column":7}},"type":"if","locations":[{"start":{"line":26,"column":6},"end":{"line":33,"column":7}},{"start":{"line":31,"column":13},"end":{"line":33,"column":7}}],"line":26}},"s":{"0":1,"1":13,"2":13,"3":13,"4":13,"5":13,"6":13,"7":2,"8":2,"9":2,"10":1,"11":1,"12":1,"13":0,"14":1,"15":13,"16":2,"17":2,"18":2,"19":2,"20":1},"f":{"0":13,"1":2,"2":2,"3":2,"4":2,"5":2,"6":1},"b":{"0":[1,0]},"_coverageSchema":"1a1c01bbd47fc00a2c39e90264f33305004495a9","hash":"8bc91355dfc42db94185d29dcc46281929f54185"}
,"H:\\Video Recording\\Binar materi\\New folder\\final_project\\src\\lib\\constants.js": {"path":"H:\\Video Recording\\Binar materi\\New folder\\final_project\\src\\lib\\constants.js","statementMap":{"0":{"start":{"line":1,"column":26},"end":{"line":1,"column":75}}},"fnMap":{},"branchMap":{},"s":{"0":1},"f":{},"b":{},"_coverageSchema":"1a1c01bbd47fc00a2c39e90264f33305004495a9","hash":"239b61f06c434efd907c78259b8556fdc493abde"}
,"H:\\Video Recording\\Binar materi\\New folder\\final_project\\src\\pages\\Account.jsx": {"path":"H:\\Video Recording\\Binar materi\\New folder\\final_project\\src\\pages\\Account.jsx","statementMap":{"0":{"start":{"line":15,"column":16},"end":{"line":408,"column":1}},"1":{"start":{"line":16,"column":21},"end":{"line":16,"column":34}},"2":{"start":{"line":18,"column":28},"end":{"line":18,"column":40}},"3":{"start":{"line":19,"column":44},"end":{"line":19,"column":56}},"4":{"start":{"line":20,"column":42},"end":{"line":20,"column":57}},"5":{"start":{"line":21,"column":42},"end":{"line":21,"column":57}},"6":{"start":{"line":22,"column":36},"end":{"line":22,"column":51}},"7":{"start":{"line":23,"column":42},"end":{"line":23,"column":57}},"8":{"start":{"line":24,"column":44},"end":{"line":24,"column":59}},"9":{"start":{"line":25,"column":44},"end":{"line":25,"column":56}},"10":{"start":{"line":26,"column":34},"end":{"line":26,"column":46}},"11":{"start":{"line":28,"column":53},"end":{"line":28,"column":68}},"12":{"start":{"line":29,"column":58},"end":{"line":29,"column":73}},"13":{"start":{"line":30,"column":53},"end":{"line":30,"column":68}},"14":{"start":{"line":32,"column":4},"end":{"line":38,"column":6}},"15":{"start":{"line":34,"column":8},"end":{"line":34,"column":25}},"16":{"start":{"line":35,"column":8},"end":{"line":35,"column":23}},"17":{"start":{"line":36,"column":8},"end":{"line":36,"column":23}},"18":{"start":{"line":40,"column":27},"end":{"line":49,"column":5}},"19":{"start":{"line":41,"column":8},"end":{"line":47,"column":9}},"20":{"start":{"line":42,"column":12},"end":{"line":44,"column":14}},"21":{"start":{"line":43,"column":16},"end":{"line":43,"column":33}},"22":{"start":{"line":46,"column":12},"end":{"line":46,"column":24}},"23":{"start":{"line":51,"column":25},"end":{"line":61,"column":5}},"24":{"start":{"line":52,"column":8},"end":{"line":60,"column":9}},"25":{"start":{"line":53,"column":12},"end":{"line":57,"column":14}},"26":{"start":{"line":54,"column":16},"end":{"line":56,"column":17}},"27":{"start":{"line":55,"column":20},"end":{"line":55,"column":45}},"28":{"start":{"line":59,"column":12},"end":{"line":59,"column":32}},"29":{"start":{"line":63,"column":30},"end":{"line":116,"column":5}},"30":{"start":{"line":64,"column":21},"end":{"line":64,"column":64}},"31":{"start":{"line":65,"column":22},"end":{"line":65,"column":66}},"32":{"start":{"line":66,"column":22},"end":{"line":66,"column":67}},"33":{"start":{"line":67,"column":24},"end":{"line":67,"column":70}},"34":{"start":{"line":68,"column":21},"end":{"line":68,"column":64}},"35":{"start":{"line":70,"column":8},"end":{"line":114,"column":9}},"36":{"start":{"line":71,"column":12},"end":{"line":87,"column":13}},"37":{"start":{"line":72,"column":16},"end":{"line":86,"column":18}},"38":{"start":{"line":79,"column":20},"end":{"line":85,"column":21}},"39":{"start":{"line":80,"column":24},"end":{"line":80,"column":44}},"40":{"start":{"line":81,"column":24},"end":{"line":81,"column":44}},"41":{"start":{"line":83,"column":24},"end":{"line":83,"column":44}},"42":{"start":{"line":84,"column":24},"end":{"line":84,"column":45}},"43":{"start":{"line":89,"column":15},"end":{"line":114,"column":9}},"44":{"start":{"line":90,"column":12},"end":{"line":110,"column":13}},"45":{"start":{"line":91,"column":16},"end":{"line":108,"column":18}},"46":{"start":{"line":92,"column":20},"end":{"line":107,"column":22}},"47":{"start":{"line":100,"column":24},"end":{"line":106,"column":25}},"48":{"start":{"line":101,"column":28},"end":{"line":101,"column":48}},"49":{"start":{"line":102,"column":28},"end":{"line":102,"column":48}},"50":{"start":{"line":104,"column":28},"end":{"line":104,"column":48}},"51":{"start":{"line":105,"column":28},"end":{"line":105,"column":49}},"52":{"start":{"line":112,"column":12},"end":{"line":112,"column":32}},"53":{"start":{"line":113,"column":12},"end":{"line":113,"column":33}},"54":{"start":{"line":118,"column":24},"end":{"line":135,"column":5}},"55":{"start":{"line":119,"column":24},"end":{"line":119,"column":40}},"56":{"start":{"line":120,"column":27},"end":{"line":120,"column":66}},"57":{"start":{"line":122,"column":8},"end":{"line":134,"column":9}},"58":{"start":{"line":123,"column":12},"end":{"line":130,"column":14}},"59":{"start":{"line":124,"column":30},"end":{"line":124,"column":45}},"60":{"start":{"line":126,"column":33},"end":{"line":126,"column":68}},"61":{"start":{"line":127,"column":33},"end":{"line":127,"column":67}},"62":{"start":{"line":128,"column":16},"end":{"line":128,"column":37}},"63":{"start":{"line":129,"column":16},"end":{"line":129,"column":32}},"64":{"start":{"line":133,"column":12},"end":{"line":133,"column":27}},"65":{"start":{"line":137,"column":27},"end":{"line":160,"column":5}},"66":{"start":{"line":138,"column":24},"end":{"line":138,"column":65}},"67":{"start":{"line":139,"column":24},"end":{"line":139,"column":65}},"68":{"start":{"line":140,"column":29},"end":{"line":140,"column":76}},"69":{"start":{"line":142,"column":8},"end":{"line":158,"column":9}},"70":{"start":{"line":143,"column":12},"end":{"line":154,"column":14}},"71":{"start":{"line":147,"column":16},"end":{"line":153,"column":17}},"72":{"start":{"line":148,"column":20},"end":{"line":148,"column":40}},"73":{"start":{"line":149,"column":20},"end":{"line":149,"column":40}},"74":{"start":{"line":151,"column":20},"end":{"line":151,"column":40}},"75":{"start":{"line":152,"column":20},"end":{"line":152,"column":41}},"76":{"start":{"line":156,"column":12},"end":{"line":156,"column":32}},"77":{"start":{"line":157,"column":12},"end":{"line":157,"column":33}},"78":{"start":{"line":162,"column":25},"end":{"line":168,"column":5}},"79":{"start":{"line":163,"column":8},"end":{"line":167,"column":9}},"80":{"start":{"line":164,"column":12},"end":{"line":166,"column":21}},"81":{"start":{"line":165,"column":16},"end":{"line":165,"column":37}},"82":{"start":{"line":170,"column":31},"end":{"line":181,"column":5}},"83":{"start":{"line":172,"column":27},"end":{"line":172,"column":63}},"84":{"start":{"line":174,"column":8},"end":{"line":177,"column":9}},"85":{"start":{"line":176,"column":12},"end":{"line":176,"column":67}},"86":{"start":{"line":179,"column":8},"end":{"line":179,"column":26}},"87":{"start":{"line":183,"column":36},"end":{"line":187,"column":5}},"88":{"start":{"line":184,"column":8},"end":{"line":184,"column":48}},"89":{"start":{"line":185,"column":8},"end":{"line":185,"column":37}},"90":{"start":{"line":186,"column":8},"end":{"line":186,"column":36}},"91":{"start":{"line":189,"column":40},"end":{"line":193,"column":5}},"92":{"start":{"line":190,"column":8},"end":{"line":190,"column":53}},"93":{"start":{"line":191,"column":8},"end":{"line":191,"column":36}},"94":{"start":{"line":192,"column":8},"end":{"line":192,"column":36}},"95":{"start":{"line":195,"column":36},"end":{"line":199,"column":5}},"96":{"start":{"line":196,"column":8},"end":{"line":196,"column":48}},"97":{"start":{"line":197,"column":8},"end":{"line":197,"column":36}},"98":{"start":{"line":198,"column":8},"end":{"line":198,"column":37}},"99":{"start":{"line":201,"column":30},"end":{"line":201,"column":97}},"100":{"start":{"line":202,"column":34},"end":{"line":202,"column":105}},"101":{"start":{"line":203,"column":30},"end":{"line":203,"column":97}},"102":{"start":{"line":205,"column":23},"end":{"line":208,"column":5}},"103":{"start":{"line":206,"column":8},"end":{"line":206,"column":83}},"104":{"start":{"line":207,"column":8},"end":{"line":207,"column":21}},"105":{"start":{"line":210,"column":4},"end":{"line":407,"column":5}},"106":{"start":{"line":217,"column":112},"end":{"line":217,"column":126}},"107":{"start":{"line":283,"column":72},"end":{"line":283,"column":92}},"108":{"start":{"line":318,"column":121},"end":{"line":318,"column":140}},"109":{"start":{"line":333,"column":72},"end":{"line":333,"column":94}},"110":{"start":{"line":340,"column":72},"end":{"line":340,"column":100}},"111":{"start":{"line":347,"column":72},"end":{"line":347,"column":102}},"112":{"start":{"line":351,"column":82},"end":{"line":351,"column":98}},"113":{"start":{"line":364,"column":52},"end":{"line":382,"column":53}},"114":{"start":{"line":375,"column":72},"end":{"line":375,"column":111}}},"fnMap":{"0":{"name":"(anonymous_0)","decl":{"start":{"line":15,"column":16},"end":{"line":15,"column":17}},"loc":{"start":{"line":15,"column":22},"end":{"line":408,"column":1}},"line":15},"1":{"name":"(anonymous_1)","decl":{"start":{"line":32,"column":14},"end":{"line":32,"column":15}},"loc":{"start":{"line":32,"column":20},"end":{"line":38,"column":5}},"line":32},"2":{"name":"(anonymous_2)","decl":{"start":{"line":40,"column":27},"end":{"line":40,"column":28}},"loc":{"start":{"line":40,"column":33},"end":{"line":49,"column":5}},"line":40},"3":{"name":"(anonymous_3)","decl":{"start":{"line":42,"column":49},"end":{"line":42,"column":50}},"loc":{"start":{"line":42,"column":58},"end":{"line":44,"column":13}},"line":42},"4":{"name":"(anonymous_4)","decl":{"start":{"line":51,"column":25},"end":{"line":51,"column":26}},"loc":{"start":{"line":51,"column":31},"end":{"line":61,"column":5}},"line":51},"5":{"name":"(anonymous_5)","decl":{"start":{"line":53,"column":48},"end":{"line":53,"column":49}},"loc":{"start":{"line":53,"column":57},"end":{"line":57,"column":13}},"line":53},"6":{"name":"(anonymous_6)","decl":{"start":{"line":63,"column":30},"end":{"line":63,"column":31}},"loc":{"start":{"line":63,"column":42},"end":{"line":116,"column":5}},"line":63},"7":{"name":"(anonymous_7)","decl":{"start":{"line":78,"column":24},"end":{"line":78,"column":25}},"loc":{"start":{"line":78,"column":33},"end":{"line":86,"column":17}},"line":78},"8":{"name":"(anonymous_8)","decl":{"start":{"line":91,"column":53},"end":{"line":91,"column":54}},"loc":{"start":{"line":91,"column":60},"end":{"line":108,"column":17}},"line":91},"9":{"name":"(anonymous_9)","decl":{"start":{"line":99,"column":28},"end":{"line":99,"column":29}},"loc":{"start":{"line":99,"column":37},"end":{"line":107,"column":21}},"line":99},"10":{"name":"(anonymous_10)","decl":{"start":{"line":118,"column":24},"end":{"line":118,"column":25}},"loc":{"start":{"line":118,"column":36},"end":{"line":135,"column":5}},"line":118},"11":{"name":"(anonymous_11)","decl":{"start":{"line":124,"column":18},"end":{"line":124,"column":19}},"loc":{"start":{"line":124,"column":30},"end":{"line":124,"column":45}},"line":124},"12":{"name":"(anonymous_12)","decl":{"start":{"line":125,"column":18},"end":{"line":125,"column":19}},"loc":{"start":{"line":125,"column":34},"end":{"line":130,"column":13}},"line":125},"13":{"name":"(anonymous_13)","decl":{"start":{"line":137,"column":27},"end":{"line":137,"column":28}},"loc":{"start":{"line":137,"column":33},"end":{"line":160,"column":5}},"line":137},"14":{"name":"(anonymous_14)","decl":{"start":{"line":146,"column":20},"end":{"line":146,"column":21}},"loc":{"start":{"line":146,"column":29},"end":{"line":154,"column":13}},"line":146},"15":{"name":"(anonymous_15)","decl":{"start":{"line":162,"column":25},"end":{"line":162,"column":26}},"loc":{"start":{"line":162,"column":31},"end":{"line":168,"column":5}},"line":162},"16":{"name":"(anonymous_16)","decl":{"start":{"line":164,"column":23},"end":{"line":164,"column":24}},"loc":{"start":{"line":164,"column":29},"end":{"line":166,"column":13}},"line":164},"17":{"name":"(anonymous_17)","decl":{"start":{"line":170,"column":31},"end":{"line":170,"column":32}},"loc":{"start":{"line":170,"column":37},"end":{"line":181,"column":5}},"line":170},"18":{"name":"(anonymous_18)","decl":{"start":{"line":174,"column":30},"end":{"line":174,"column":31}},"loc":{"start":{"line":174,"column":37},"end":{"line":177,"column":9}},"line":174},"19":{"name":"(anonymous_19)","decl":{"start":{"line":183,"column":36},"end":{"line":183,"column":37}},"loc":{"start":{"line":183,"column":42},"end":{"line":187,"column":5}},"line":183},"20":{"name":"(anonymous_20)","decl":{"start":{"line":189,"column":40},"end":{"line":189,"column":41}},"loc":{"start":{"line":189,"column":46},"end":{"line":193,"column":5}},"line":189},"21":{"name":"(anonymous_21)","decl":{"start":{"line":195,"column":36},"end":{"line":195,"column":37}},"loc":{"start":{"line":195,"column":42},"end":{"line":199,"column":5}},"line":195},"22":{"name":"(anonymous_22)","decl":{"start":{"line":205,"column":23},"end":{"line":205,"column":24}},"loc":{"start":{"line":205,"column":29},"end":{"line":208,"column":5}},"line":205},"23":{"name":"(anonymous_23)","decl":{"start":{"line":217,"column":106},"end":{"line":217,"column":107}},"loc":{"start":{"line":217,"column":112},"end":{"line":217,"column":126}},"line":217},"24":{"name":"(anonymous_24)","decl":{"start":{"line":283,"column":67},"end":{"line":283,"column":68}},"loc":{"start":{"line":283,"column":71},"end":{"line":283,"column":93}},"line":283},"25":{"name":"(anonymous_25)","decl":{"start":{"line":318,"column":116},"end":{"line":318,"column":117}},"loc":{"start":{"line":318,"column":120},"end":{"line":318,"column":141}},"line":318},"26":{"name":"(anonymous_26)","decl":{"start":{"line":333,"column":67},"end":{"line":333,"column":68}},"loc":{"start":{"line":333,"column":71},"end":{"line":333,"column":95}},"line":333},"27":{"name":"(anonymous_27)","decl":{"start":{"line":340,"column":67},"end":{"line":340,"column":68}},"loc":{"start":{"line":340,"column":71},"end":{"line":340,"column":101}},"line":340},"28":{"name":"(anonymous_28)","decl":{"start":{"line":347,"column":67},"end":{"line":347,"column":68}},"loc":{"start":{"line":347,"column":71},"end":{"line":347,"column":103}},"line":347},"29":{"name":"(anonymous_29)","decl":{"start":{"line":351,"column":77},"end":{"line":351,"column":78}},"loc":{"start":{"line":351,"column":81},"end":{"line":351,"column":99}},"line":351},"30":{"name":"(anonymous_30)","decl":{"start":{"line":363,"column":65},"end":{"line":363,"column":66}},"loc":{"start":{"line":363,"column":73},"end":{"line":383,"column":49}},"line":363},"31":{"name":"(anonymous_31)","decl":{"start":{"line":374,"column":97},"end":{"line":374,"column":98}},"loc":{"start":{"line":374,"column":128},"end":{"line":376,"column":69}},"line":374}},"branchMap":{"0":{"loc":{"start":{"line":41,"column":8},"end":{"line":47,"column":9}},"type":"if","locations":[{"start":{"line":41,"column":8},"end":{"line":47,"column":9}},{"start":{"line":45,"column":15},"end":{"line":47,"column":9}}],"line":41},"1":{"loc":{"start":{"line":52,"column":8},"end":{"line":60,"column":9}},"type":"if","locations":[{"start":{"line":52,"column":8},"end":{"line":60,"column":9}},{"start":{"line":58,"column":15},"end":{"line":60,"column":9}}],"line":52},"2":{"loc":{"start":{"line":54,"column":16},"end":{"line":56,"column":17}},"type":"if","locations":[{"start":{"line":54,"column":16},"end":{"line":56,"column":17}},{"start":{},"end":{}}],"line":54},"3":{"loc":{"start":{"line":70,"column":8},"end":{"line":114,"column":9}},"type":"if","locations":[{"start":{"line":70,"column":8},"end":{"line":114,"column":9}},{"start":{"line":89,"column":15},"end":{"line":114,"column":9}}],"line":70},"4":{"loc":{"start":{"line":71,"column":12},"end":{"line":87,"column":13}},"type":"if","locations":[{"start":{"line":71,"column":12},"end":{"line":87,"column":13}},{"start":{},"end":{}}],"line":71},"5":{"loc":{"start":{"line":71,"column":15},"end":{"line":71,"column":86}},"type":"binary-expr","locations":[{"start":{"line":71,"column":15},"end":{"line":71,"column":25}},{"start":{"line":71,"column":29},"end":{"line":71,"column":40}},{"start":{"line":71,"column":44},"end":{"line":71,"column":55}},{"start":{"line":71,"column":59},"end":{"line":71,"column":72}},{"start":{"line":71,"column":76},"end":{"line":71,"column":86}}],"line":71},"6":{"loc":{"start":{"line":79,"column":20},"end":{"line":85,"column":21}},"type":"if","locations":[{"start":{"line":79,"column":20},"end":{"line":85,"column":21}},{"start":{"line":82,"column":27},"end":{"line":85,"column":21}}],"line":79},"7":{"loc":{"start":{"line":89,"column":15},"end":{"line":114,"column":9}},"type":"if","locations":[{"start":{"line":89,"column":15},"end":{"line":114,"column":9}},{"start":{"line":111,"column":14},"end":{"line":114,"column":9}}],"line":89},"8":{"loc":{"start":{"line":90,"column":12},"end":{"line":110,"column":13}},"type":"if","locations":[{"start":{"line":90,"column":12},"end":{"line":110,"column":13}},{"start":{},"end":{}}],"line":90},"9":{"loc":{"start":{"line":90,"column":15},"end":{"line":90,"column":108}},"type":"binary-expr","locations":[{"start":{"line":90,"column":15},"end":{"line":90,"column":25}},{"start":{"line":90,"column":29},"end":{"line":90,"column":40}},{"start":{"line":90,"column":44},"end":{"line":90,"column":55}},{"start":{"line":90,"column":59},"end":{"line":90,"column":72}},{"start":{"line":90,"column":76},"end":{"line":90,"column":86}},{"start":{"line":90,"column":90},"end":{"line":90,"column":108}}],"line":90},"10":{"loc":{"start":{"line":100,"column":24},"end":{"line":106,"column":25}},"type":"if","locations":[{"start":{"line":100,"column":24},"end":{"line":106,"column":25}},{"start":{"line":103,"column":31},"end":{"line":106,"column":25}}],"line":100},"11":{"loc":{"start":{"line":142,"column":8},"end":{"line":158,"column":9}},"type":"if","locations":[{"start":{"line":142,"column":8},"end":{"line":158,"column":9}},{"start":{"line":155,"column":15},"end":{"line":158,"column":9}}],"line":142},"12":{"loc":{"start":{"line":147,"column":16},"end":{"line":153,"column":17}},"type":"if","locations":[{"start":{"line":147,"column":16},"end":{"line":153,"column":17}},{"start":{"line":150,"column":23},"end":{"line":153,"column":17}}],"line":147},"13":{"loc":{"start":{"line":163,"column":8},"end":{"line":167,"column":9}},"type":"if","locations":[{"start":{"line":163,"column":8},"end":{"line":167,"column":9}},{"start":{},"end":{}}],"line":163},"14":{"loc":{"start":{"line":201,"column":30},"end":{"line":201,"column":97}},"type":"cond-expr","locations":[{"start":{"line":201,"column":49},"end":{"line":201,"column":85}},{"start":{"line":201,"column":88},"end":{"line":201,"column":97}}],"line":201},"15":{"loc":{"start":{"line":202,"column":34},"end":{"line":202,"column":105}},"type":"cond-expr","locations":[{"start":{"line":202,"column":57},"end":{"line":202,"column":93}},{"start":{"line":202,"column":96},"end":{"line":202,"column":105}}],"line":202},"16":{"loc":{"start":{"line":203,"column":30},"end":{"line":203,"column":97}},"type":"cond-expr","locations":[{"start":{"line":203,"column":49},"end":{"line":203,"column":85}},{"start":{"line":203,"column":88},"end":{"line":203,"column":97}}],"line":203},"17":{"loc":{"start":{"line":273,"column":90},"end":{"line":273,"column":122}},"type":"cond-expr","locations":[{"start":{"line":273,"column":109},"end":{"line":273,"column":111}},{"start":{"line":273,"column":114},"end":{"line":273,"column":122}}],"line":273},"18":{"loc":{"start":{"line":279,"column":131},"end":{"line":279,"column":209}},"type":"cond-expr","locations":[{"start":{"line":279,"column":152},"end":{"line":279,"column":164}},{"start":{"line":279,"column":167},"end":{"line":279,"column":209}}],"line":279},"19":{"loc":{"start":{"line":279,"column":167},"end":{"line":279,"column":209}},"type":"cond-expr","locations":[{"start":{"line":279,"column":186},"end":{"line":279,"column":196}},{"start":{"line":279,"column":199},"end":{"line":279,"column":209}}],"line":279},"20":{"loc":{"start":{"line":324,"column":106},"end":{"line":324,"column":142}},"type":"cond-expr","locations":[{"start":{"line":324,"column":129},"end":{"line":324,"column":131}},{"start":{"line":324,"column":134},"end":{"line":324,"column":142}}],"line":324},"21":{"loc":{"start":{"line":332,"column":79},"end":{"line":332,"column":109}},"type":"cond-expr","locations":[{"start":{"line":332,"column":90},"end":{"line":332,"column":96}},{"start":{"line":332,"column":99},"end":{"line":332,"column":109}}],"line":332},"22":{"loc":{"start":{"line":339,"column":79},"end":{"line":339,"column":112}},"type":"cond-expr","locations":[{"start":{"line":339,"column":93},"end":{"line":339,"column":99}},{"start":{"line":339,"column":102},"end":{"line":339,"column":112}}],"line":339},"23":{"loc":{"start":{"line":346,"column":86},"end":{"line":346,"column":120}},"type":"cond-expr","locations":[{"start":{"line":346,"column":101},"end":{"line":346,"column":107}},{"start":{"line":346,"column":110},"end":{"line":346,"column":120}}],"line":346},"24":{"loc":{"start":{"line":357,"column":106},"end":{"line":357,"column":138}},"type":"cond-expr","locations":[{"start":{"line":357,"column":125},"end":{"line":357,"column":127}},{"start":{"line":357,"column":130},"end":{"line":357,"column":138}}],"line":357},"25":{"loc":{"start":{"line":379,"column":72},"end":{"line":379,"column":111}},"type":"cond-expr","locations":[{"start":{"line":379,"column":99},"end":{"line":379,"column":104}},{"start":{"line":379,"column":107},"end":{"line":379,"column":111}}],"line":379},"26":{"loc":{"start":{"line":393,"column":32},"end":{"line":399,"column":42}},"type":"cond-expr","locations":[{"start":{"line":394,"column":32},"end":{"line":399,"column":38}},{"start":{"line":399,"column":40},"end":{"line":399,"column":42}}],"line":393},"27":{"loc":{"start":{"line":396,"column":50},"end":{"line":396,"column":97}},"type":"cond-expr","locations":[{"start":{"line":396,"column":64},"end":{"line":396,"column":80}},{"start":{"line":396,"column":83},"end":{"line":396,"column":97}}],"line":396},"28":{"loc":{"start":{"line":397,"column":46},"end":{"line":397,"column":81}},"type":"cond-expr","locations":[{"start":{"line":397,"column":60},"end":{"line":397,"column":69}},{"start":{"line":397,"column":72},"end":{"line":397,"column":81}}],"line":397}},"s":{"0":1,"1":3,"2":3,"3":2,"4":2,"5":2,"6":2,"7":2,"8":2,"9":2,"10":2,"11":2,"12":2,"13":2,"14":2,"15":2,"16":2,"17":2,"18":2,"19":2,"20":2,"21":2,"22":0,"23":2,"24":2,"25":2,"26":2,"27":2,"28":0,"29":2,"30":1,"31":1,"32":1,"33":1,"34":1,"35":1,"36":1,"37":0,"38":0,"39":0,"40":0,"41":0,"42":0,"43":0,"44":0,"45":0,"46":0,"47":0,"48":0,"49":0,"50":0,"51":0,"52":0,"53":0,"54":2,"55":0,"56":0,"57":0,"58":0,"59":0,"60":0,"61":0,"62":0,"63":0,"64":0,"65":2,"66":0,"67":0,"68":0,"69":0,"70":0,"71":0,"72":0,"73":0,"74":0,"75":0,"76":0,"77":0,"78":2,"79":2,"80":0,"81":0,"82":2,"83":0,"84":0,"85":0,"86":0,"87":2,"88":0,"89":0,"90":0,"91":2,"92":0,"93":0,"94":0,"95":2,"96":0,"97":0,"98":0,"99":2,"100":2,"101":2,"102":2,"103":0,"104":0,"105":2,"106":0,"107":0,"108":1,"109":0,"110":0,"111":0,"112":0,"113":0,"114":0},"f":{"0":3,"1":2,"2":2,"3":2,"4":2,"5":2,"6":1,"7":0,"8":0,"9":0,"10":0,"11":0,"12":0,"13":0,"14":0,"15":2,"16":0,"17":0,"18":0,"19":0,"20":0,"21":0,"22":0,"23":0,"24":0,"25":1,"26":0,"27":0,"28":0,"29":0,"30":0,"31":0},"b":{"0":[2,0],"1":[2,0],"2":[2,0],"3":[1,0],"4":[0,1],"5":[1,0,0,0,0],"6":[0,0],"7":[0,0],"8":[0,0],"9":[0,0,0,0,0,0],"10":[0,0],"11":[0,0],"12":[0,0],"13":[0,2],"14":[0,2],"15":[0,2],"16":[0,2],"17":[0,2],"18":[0,2],"19":[2,0],"20":[0,2],"21":[0,2],"22":[0,2],"23":[0,2],"24":[0,2],"25":[0,0],"26":[0,2],"27":[0,0],"28":[0,0]},"_coverageSchema":"1a1c01bbd47fc00a2c39e90264f33305004495a9","hash":"5a472565e64e6f89d415b1944687ffea6dc59373"}
,"H:\\Video Recording\\Binar materi\\New folder\\final_project\\src\\pages\\Register.jsx": {"path":"H:\\Video Recording\\Binar materi\\New folder\\final_project\\src\\pages\\Register.jsx","statementMap":{"0":{"start":{"line":6,"column":17},"end":{"line":26,"column":1}},"1":{"start":{"line":7,"column":2},"end":{"line":25,"column":4}}},"fnMap":{"0":{"name":"(anonymous_0)","decl":{"start":{"line":6,"column":17},"end":{"line":6,"column":18}},"loc":{"start":{"line":6,"column":23},"end":{"line":26,"column":1}},"line":6}},"branchMap":{},"s":{"0":1,"1":2},"f":{"0":2},"b":{},"_coverageSchema":"1a1c01bbd47fc00a2c39e90264f33305004495a9","hash":"abeecf5977cba405d41d3d123ad5cc68a7d333ae"}
,"H:\\Video Recording\\Binar materi\\New folder\\final_project\\test\\FileMock.js": {"path":"H:\\Video Recording\\Binar materi\\New folder\\final_project\\test\\FileMock.js","statementMap":{"0":{"start":{"line":1,"column":0},"end":{"line":1,"column":34}}},"fnMap":{},"branchMap":{},"s":{"0":1},"f":{},"b":{},"_coverageSchema":"1a1c01bbd47fc00a2c39e90264f33305004495a9","hash":"95057bb8fda8ad4db02cb3c23ad9e18c78010218"}
}
