{"D:\\Holiday Project\\final_project\\src\\pages\\Account.jsx": {"path":"D:\\Holiday Project\\final_project\\src\\pages\\Account.jsx","statementMap":{"0":{"start":{"line":14,"column":16},"end":{"line":410,"column":1}},"1":{"start":{"line":15,"column":21},"end":{"line":15,"column":34}},"2":{"start":{"line":17,"column":28},"end":{"line":17,"column":40}},"3":{"start":{"line":18,"column":44},"end":{"line":18,"column":56}},"4":{"start":{"line":19,"column":42},"end":{"line":19,"column":57}},"5":{"start":{"line":20,"column":42},"end":{"line":20,"column":57}},"6":{"start":{"line":21,"column":36},"end":{"line":21,"column":51}},"7":{"start":{"line":22,"column":42},"end":{"line":22,"column":57}},"8":{"start":{"line":23,"column":44},"end":{"line":23,"column":59}},"9":{"start":{"line":24,"column":44},"end":{"line":24,"column":56}},"10":{"start":{"line":25,"column":34},"end":{"line":25,"column":46}},"11":{"start":{"line":27,"column":53},"end":{"line":27,"column":68}},"12":{"start":{"line":28,"column":58},"end":{"line":28,"column":73}},"13":{"start":{"line":29,"column":53},"end":{"line":29,"column":68}},"14":{"start":{"line":31,"column":4},"end":{"line":39,"column":6}},"15":{"start":{"line":33,"column":8},"end":{"line":33,"column":25}},"16":{"start":{"line":34,"column":8},"end":{"line":34,"column":23}},"17":{"start":{"line":35,"column":8},"end":{"line":35,"column":28}},"18":{"start":{"line":36,"column":8},"end":{"line":36,"column":25}},"19":{"start":{"line":37,"column":8},"end":{"line":37,"column":23}},"20":{"start":{"line":41,"column":27},"end":{"line":50,"column":5}},"21":{"start":{"line":42,"column":8},"end":{"line":48,"column":9}},"22":{"start":{"line":43,"column":12},"end":{"line":45,"column":14}},"23":{"start":{"line":44,"column":16},"end":{"line":44,"column":33}},"24":{"start":{"line":47,"column":12},"end":{"line":47,"column":24}},"25":{"start":{"line":52,"column":25},"end":{"line":62,"column":5}},"26":{"start":{"line":53,"column":8},"end":{"line":61,"column":9}},"27":{"start":{"line":54,"column":12},"end":{"line":58,"column":14}},"28":{"start":{"line":55,"column":16},"end":{"line":57,"column":17}},"29":{"start":{"line":56,"column":20},"end":{"line":56,"column":45}},"30":{"start":{"line":60,"column":12},"end":{"line":60,"column":32}},"31":{"start":{"line":64,"column":30},"end":{"line":116,"column":5}},"32":{"start":{"line":65,"column":21},"end":{"line":65,"column":64}},"33":{"start":{"line":66,"column":22},"end":{"line":66,"column":66}},"34":{"start":{"line":67,"column":22},"end":{"line":67,"column":67}},"35":{"start":{"line":68,"column":24},"end":{"line":68,"column":70}},"36":{"start":{"line":69,"column":21},"end":{"line":69,"column":64}},"37":{"start":{"line":71,"column":8},"end":{"line":114,"column":9}},"38":{"start":{"line":72,"column":12},"end":{"line":88,"column":13}},"39":{"start":{"line":73,"column":16},"end":{"line":87,"column":18}},"40":{"start":{"line":80,"column":20},"end":{"line":86,"column":21}},"41":{"start":{"line":81,"column":24},"end":{"line":81,"column":44}},"42":{"start":{"line":82,"column":24},"end":{"line":82,"column":44}},"43":{"start":{"line":84,"column":24},"end":{"line":84,"column":44}},"44":{"start":{"line":85,"column":24},"end":{"line":85,"column":45}},"45":{"start":{"line":90,"column":15},"end":{"line":114,"column":9}},"46":{"start":{"line":91,"column":12},"end":{"line":110,"column":13}},"47":{"start":{"line":92,"column":16},"end":{"line":92,"column":47}},"48":{"start":{"line":94,"column":16},"end":{"line":109,"column":18}},"49":{"start":{"line":102,"column":20},"end":{"line":108,"column":21}},"50":{"start":{"line":103,"column":24},"end":{"line":103,"column":44}},"51":{"start":{"line":104,"column":24},"end":{"line":104,"column":44}},"52":{"start":{"line":106,"column":24},"end":{"line":106,"column":44}},"53":{"start":{"line":107,"column":24},"end":{"line":107,"column":45}},"54":{"start":{"line":112,"column":12},"end":{"line":112,"column":32}},"55":{"start":{"line":113,"column":12},"end":{"line":113,"column":33}},"56":{"start":{"line":118,"column":24},"end":{"line":134,"column":5}},"57":{"start":{"line":119,"column":24},"end":{"line":119,"column":40}},"58":{"start":{"line":120,"column":27},"end":{"line":120,"column":66}},"59":{"start":{"line":122,"column":8},"end":{"line":133,"column":9}},"60":{"start":{"line":123,"column":12},"end":{"line":129,"column":14}},"61":{"start":{"line":124,"column":30},"end":{"line":124,"column":45}},"62":{"start":{"line":126,"column":33},"end":{"line":126,"column":68}},"63":{"start":{"line":127,"column":33},"end":{"line":127,"column":67}},"64":{"start":{"line":128,"column":16},"end":{"line":128,"column":37}},"65":{"start":{"line":132,"column":12},"end":{"line":132,"column":27}},"66":{"start":{"line":136,"column":27},"end":{"line":162,"column":5}},"67":{"start":{"line":137,"column":24},"end":{"line":137,"column":65}},"68":{"start":{"line":138,"column":24},"end":{"line":138,"column":65}},"69":{"start":{"line":139,"column":29},"end":{"line":139,"column":76}},"70":{"start":{"line":140,"column":29},"end":{"line":140,"column":70}},"71":{"start":{"line":142,"column":8},"end":{"line":160,"column":9}},"72":{"start":{"line":143,"column":12},"end":{"line":159,"column":13}},"73":{"start":{"line":144,"column":16},"end":{"line":155,"column":18}},"74":{"start":{"line":148,"column":20},"end":{"line":154,"column":21}},"75":{"start":{"line":149,"column":24},"end":{"line":149,"column":44}},"76":{"start":{"line":150,"column":24},"end":{"line":150,"column":44}},"77":{"start":{"line":152,"column":24},"end":{"line":152,"column":44}},"78":{"start":{"line":153,"column":24},"end":{"line":153,"column":45}},"79":{"start":{"line":157,"column":16},"end":{"line":157,"column":36}},"80":{"start":{"line":158,"column":16},"end":{"line":158,"column":37}},"81":{"start":{"line":164,"column":25},"end":{"line":170,"column":5}},"82":{"start":{"line":165,"column":8},"end":{"line":169,"column":9}},"83":{"start":{"line":166,"column":12},"end":{"line":168,"column":21}},"84":{"start":{"line":167,"column":16},"end":{"line":167,"column":37}},"85":{"start":{"line":172,"column":31},"end":{"line":183,"column":5}},"86":{"start":{"line":174,"column":27},"end":{"line":174,"column":63}},"87":{"start":{"line":176,"column":8},"end":{"line":179,"column":9}},"88":{"start":{"line":178,"column":12},"end":{"line":178,"column":67}},"89":{"start":{"line":181,"column":8},"end":{"line":181,"column":26}},"90":{"start":{"line":185,"column":36},"end":{"line":189,"column":5}},"91":{"start":{"line":186,"column":8},"end":{"line":186,"column":48}},"92":{"start":{"line":187,"column":8},"end":{"line":187,"column":37}},"93":{"start":{"line":188,"column":8},"end":{"line":188,"column":36}},"94":{"start":{"line":191,"column":40},"end":{"line":195,"column":5}},"95":{"start":{"line":192,"column":8},"end":{"line":192,"column":53}},"96":{"start":{"line":193,"column":8},"end":{"line":193,"column":36}},"97":{"start":{"line":194,"column":8},"end":{"line":194,"column":36}},"98":{"start":{"line":197,"column":36},"end":{"line":201,"column":5}},"99":{"start":{"line":198,"column":8},"end":{"line":198,"column":48}},"100":{"start":{"line":199,"column":8},"end":{"line":199,"column":36}},"101":{"start":{"line":200,"column":8},"end":{"line":200,"column":37}},"102":{"start":{"line":203,"column":30},"end":{"line":203,"column":97}},"103":{"start":{"line":204,"column":34},"end":{"line":204,"column":105}},"104":{"start":{"line":205,"column":30},"end":{"line":205,"column":97}},"105":{"start":{"line":207,"column":23},"end":{"line":210,"column":5}},"106":{"start":{"line":208,"column":8},"end":{"line":208,"column":83}},"107":{"start":{"line":209,"column":8},"end":{"line":209,"column":21}},"108":{"start":{"line":212,"column":4},"end":{"line":409,"column":5}},"109":{"start":{"line":219,"column":112},"end":{"line":219,"column":126}},"110":{"start":{"line":285,"column":72},"end":{"line":285,"column":92}},"111":{"start":{"line":335,"column":72},"end":{"line":335,"column":94}},"112":{"start":{"line":342,"column":72},"end":{"line":342,"column":100}},"113":{"start":{"line":349,"column":72},"end":{"line":349,"column":102}},"114":{"start":{"line":353,"column":82},"end":{"line":353,"column":101}},"115":{"start":{"line":366,"column":52},"end":{"line":384,"column":53}},"116":{"start":{"line":377,"column":72},"end":{"line":377,"column":111}}},"fnMap":{"0":{"name":"(anonymous_0)","decl":{"start":{"line":14,"column":16},"end":{"line":14,"column":17}},"loc":{"start":{"line":14,"column":22},"end":{"line":410,"column":1}},"line":14},"1":{"name":"(anonymous_1)","decl":{"start":{"line":31,"column":14},"end":{"line":31,"column":15}},"loc":{"start":{"line":31,"column":20},"end":{"line":39,"column":5}},"line":31},"2":{"name":"(anonymous_2)","decl":{"start":{"line":41,"column":27},"end":{"line":41,"column":28}},"loc":{"start":{"line":41,"column":33},"end":{"line":50,"column":5}},"line":41},"3":{"name":"(anonymous_3)","decl":{"start":{"line":43,"column":49},"end":{"line":43,"column":50}},"loc":{"start":{"line":43,"column":58},"end":{"line":45,"column":13}},"line":43},"4":{"name":"(anonymous_4)","decl":{"start":{"line":52,"column":25},"end":{"line":52,"column":26}},"loc":{"start":{"line":52,"column":31},"end":{"line":62,"column":5}},"line":52},"5":{"name":"(anonymous_5)","decl":{"start":{"line":54,"column":48},"end":{"line":54,"column":49}},"loc":{"start":{"line":54,"column":57},"end":{"line":58,"column":13}},"line":54},"6":{"name":"(anonymous_6)","decl":{"start":{"line":64,"column":30},"end":{"line":64,"column":31}},"loc":{"start":{"line":64,"column":42},"end":{"line":116,"column":5}},"line":64},"7":{"name":"(anonymous_7)","decl":{"start":{"line":79,"column":24},"end":{"line":79,"column":25}},"loc":{"start":{"line":79,"column":33},"end":{"line":87,"column":17}},"line":79},"8":{"name":"(anonymous_8)","decl":{"start":{"line":101,"column":24},"end":{"line":101,"column":25}},"loc":{"start":{"line":101,"column":33},"end":{"line":109,"column":17}},"line":101},"9":{"name":"(anonymous_9)","decl":{"start":{"line":118,"column":24},"end":{"line":118,"column":25}},"loc":{"start":{"line":118,"column":36},"end":{"line":134,"column":5}},"line":118},"10":{"name":"(anonymous_10)","decl":{"start":{"line":124,"column":18},"end":{"line":124,"column":19}},"loc":{"start":{"line":124,"column":30},"end":{"line":124,"column":45}},"line":124},"11":{"name":"(anonymous_11)","decl":{"start":{"line":125,"column":18},"end":{"line":125,"column":19}},"loc":{"start":{"line":125,"column":34},"end":{"line":129,"column":13}},"line":125},"12":{"name":"(anonymous_12)","decl":{"start":{"line":136,"column":27},"end":{"line":136,"column":28}},"loc":{"start":{"line":136,"column":33},"end":{"line":162,"column":5}},"line":136},"13":{"name":"(anonymous_13)","decl":{"start":{"line":142,"column":31},"end":{"line":142,"column":32}},"loc":{"start":{"line":142,"column":37},"end":{"line":160,"column":9}},"line":142},"14":{"name":"(anonymous_14)","decl":{"start":{"line":147,"column":24},"end":{"line":147,"column":25}},"loc":{"start":{"line":147,"column":33},"end":{"line":155,"column":17}},"line":147},"15":{"name":"(anonymous_15)","decl":{"start":{"line":164,"column":25},"end":{"line":164,"column":26}},"loc":{"start":{"line":164,"column":31},"end":{"line":170,"column":5}},"line":164},"16":{"name":"(anonymous_16)","decl":{"start":{"line":166,"column":23},"end":{"line":166,"column":24}},"loc":{"start":{"line":166,"column":29},"end":{"line":168,"column":13}},"line":166},"17":{"name":"(anonymous_17)","decl":{"start":{"line":172,"column":31},"end":{"line":172,"column":32}},"loc":{"start":{"line":172,"column":37},"end":{"line":183,"column":5}},"line":172},"18":{"name":"(anonymous_18)","decl":{"start":{"line":176,"column":30},"end":{"line":176,"column":31}},"loc":{"start":{"line":176,"column":37},"end":{"line":179,"column":9}},"line":176},"19":{"name":"(anonymous_19)","decl":{"start":{"line":185,"column":36},"end":{"line":185,"column":37}},"loc":{"start":{"line":185,"column":42},"end":{"line":189,"column":5}},"line":185},"20":{"name":"(anonymous_20)","decl":{"start":{"line":191,"column":40},"end":{"line":191,"column":41}},"loc":{"start":{"line":191,"column":46},"end":{"line":195,"column":5}},"line":191},"21":{"name":"(anonymous_21)","decl":{"start":{"line":197,"column":36},"end":{"line":197,"column":37}},"loc":{"start":{"line":197,"column":42},"end":{"line":201,"column":5}},"line":197},"22":{"name":"(anonymous_22)","decl":{"start":{"line":207,"column":23},"end":{"line":207,"column":24}},"loc":{"start":{"line":207,"column":29},"end":{"line":210,"column":5}},"line":207},"23":{"name":"(anonymous_23)","decl":{"start":{"line":219,"column":106},"end":{"line":219,"column":107}},"loc":{"start":{"line":219,"column":112},"end":{"line":219,"column":126}},"line":219},"24":{"name":"(anonymous_24)","decl":{"start":{"line":285,"column":67},"end":{"line":285,"column":68}},"loc":{"start":{"line":285,"column":71},"end":{"line":285,"column":93}},"line":285},"25":{"name":"(anonymous_25)","decl":{"start":{"line":335,"column":67},"end":{"line":335,"column":68}},"loc":{"start":{"line":335,"column":71},"end":{"line":335,"column":95}},"line":335},"26":{"name":"(anonymous_26)","decl":{"start":{"line":342,"column":67},"end":{"line":342,"column":68}},"loc":{"start":{"line":342,"column":71},"end":{"line":342,"column":101}},"line":342},"27":{"name":"(anonymous_27)","decl":{"start":{"line":349,"column":67},"end":{"line":349,"column":68}},"loc":{"start":{"line":349,"column":71},"end":{"line":349,"column":103}},"line":349},"28":{"name":"(anonymous_28)","decl":{"start":{"line":353,"column":77},"end":{"line":353,"column":78}},"loc":{"start":{"line":353,"column":81},"end":{"line":353,"column":102}},"line":353},"29":{"name":"(anonymous_29)","decl":{"start":{"line":365,"column":65},"end":{"line":365,"column":66}},"loc":{"start":{"line":365,"column":73},"end":{"line":385,"column":49}},"line":365},"30":{"name":"(anonymous_30)","decl":{"start":{"line":376,"column":97},"end":{"line":376,"column":98}},"loc":{"start":{"line":376,"column":128},"end":{"line":378,"column":69}},"line":376}},"branchMap":{"0":{"loc":{"start":{"line":42,"column":8},"end":{"line":48,"column":9}},"type":"if","locations":[{"start":{"line":42,"column":8},"end":{"line":48,"column":9}},{"start":{"line":46,"column":15},"end":{"line":48,"column":9}}],"line":42},"1":{"loc":{"start":{"line":53,"column":8},"end":{"line":61,"column":9}},"type":"if","locations":[{"start":{"line":53,"column":8},"end":{"line":61,"column":9}},{"start":{"line":59,"column":15},"end":{"line":61,"column":9}}],"line":53},"2":{"loc":{"start":{"line":55,"column":16},"end":{"line":57,"column":17}},"type":"if","locations":[{"start":{"line":55,"column":16},"end":{"line":57,"column":17}},{"start":{},"end":{}}],"line":55},"3":{"loc":{"start":{"line":71,"column":8},"end":{"line":114,"column":9}},"type":"if","locations":[{"start":{"line":71,"column":8},"end":{"line":114,"column":9}},{"start":{"line":90,"column":15},"end":{"line":114,"column":9}}],"line":71},"4":{"loc":{"start":{"line":72,"column":12},"end":{"line":88,"column":13}},"type":"if","locations":[{"start":{"line":72,"column":12},"end":{"line":88,"column":13}},{"start":{},"end":{}}],"line":72},"5":{"loc":{"start":{"line":72,"column":15},"end":{"line":72,"column":86}},"type":"binary-expr","locations":[{"start":{"line":72,"column":15},"end":{"line":72,"column":25}},{"start":{"line":72,"column":29},"end":{"line":72,"column":40}},{"start":{"line":72,"column":44},"end":{"line":72,"column":55}},{"start":{"line":72,"column":59},"end":{"line":72,"column":72}},{"start":{"line":72,"column":76},"end":{"line":72,"column":86}}],"line":72},"6":{"loc":{"start":{"line":80,"column":20},"end":{"line":86,"column":21}},"type":"if","locations":[{"start":{"line":80,"column":20},"end":{"line":86,"column":21}},{"start":{"line":83,"column":27},"end":{"line":86,"column":21}}],"line":80},"7":{"loc":{"start":{"line":90,"column":15},"end":{"line":114,"column":9}},"type":"if","locations":[{"start":{"line":90,"column":15},"end":{"line":114,"column":9}},{"start":{"line":111,"column":14},"end":{"line":114,"column":9}}],"line":90},"8":{"loc":{"start":{"line":91,"column":12},"end":{"line":110,"column":13}},"type":"if","locations":[{"start":{"line":91,"column":12},"end":{"line":110,"column":13}},{"start":{},"end":{}}],"line":91},"9":{"loc":{"start":{"line":91,"column":15},"end":{"line":91,"column":108}},"type":"binary-expr","locations":[{"start":{"line":91,"column":15},"end":{"line":91,"column":25}},{"start":{"line":91,"column":29},"end":{"line":91,"column":40}},{"start":{"line":91,"column":44},"end":{"line":91,"column":55}},{"start":{"line":91,"column":59},"end":{"line":91,"column":72}},{"start":{"line":91,"column":76},"end":{"line":91,"column":86}},{"start":{"line":91,"column":90},"end":{"line":91,"column":108}}],"line":91},"10":{"loc":{"start":{"line":102,"column":20},"end":{"line":108,"column":21}},"type":"if","locations":[{"start":{"line":102,"column":20},"end":{"line":108,"column":21}},{"start":{"line":105,"column":27},"end":{"line":108,"column":21}}],"line":102},"11":{"loc":{"start":{"line":143,"column":12},"end":{"line":159,"column":13}},"type":"if","locations":[{"start":{"line":143,"column":12},"end":{"line":159,"column":13}},{"start":{"line":156,"column":19},"end":{"line":159,"column":13}}],"line":143},"12":{"loc":{"start":{"line":148,"column":20},"end":{"line":154,"column":21}},"type":"if","locations":[{"start":{"line":148,"column":20},"end":{"line":154,"column":21}},{"start":{"line":151,"column":27},"end":{"line":154,"column":21}}],"line":148},"13":{"loc":{"start":{"line":165,"column":8},"end":{"line":169,"column":9}},"type":"if","locations":[{"start":{"line":165,"column":8},"end":{"line":169,"column":9}},{"start":{},"end":{}}],"line":165},"14":{"loc":{"start":{"line":203,"column":30},"end":{"line":203,"column":97}},"type":"cond-expr","locations":[{"start":{"line":203,"column":49},"end":{"line":203,"column":85}},{"start":{"line":203,"column":88},"end":{"line":203,"column":97}}],"line":203},"15":{"loc":{"start":{"line":204,"column":34},"end":{"line":204,"column":105}},"type":"cond-expr","locations":[{"start":{"line":204,"column":57},"end":{"line":204,"column":93}},{"start":{"line":204,"column":96},"end":{"line":204,"column":105}}],"line":204},"16":{"loc":{"start":{"line":205,"column":30},"end":{"line":205,"column":97}},"type":"cond-expr","locations":[{"start":{"line":205,"column":49},"end":{"line":205,"column":85}},{"start":{"line":205,"column":88},"end":{"line":205,"column":97}}],"line":205},"17":{"loc":{"start":{"line":275,"column":90},"end":{"line":275,"column":122}},"type":"cond-expr","locations":[{"start":{"line":275,"column":109},"end":{"line":275,"column":111}},{"start":{"line":275,"column":114},"end":{"line":275,"column":122}}],"line":275},"18":{"loc":{"start":{"line":281,"column":131},"end":{"line":281,"column":209}},"type":"cond-expr","locations":[{"start":{"line":281,"column":152},"end":{"line":281,"column":164}},{"start":{"line":281,"column":167},"end":{"line":281,"column":209}}],"line":281},"19":{"loc":{"start":{"line":281,"column":167},"end":{"line":281,"column":209}},"type":"cond-expr","locations":[{"start":{"line":281,"column":186},"end":{"line":281,"column":196}},{"start":{"line":281,"column":199},"end":{"line":281,"column":209}}],"line":281},"20":{"loc":{"start":{"line":326,"column":106},"end":{"line":326,"column":142}},"type":"cond-expr","locations":[{"start":{"line":326,"column":129},"end":{"line":326,"column":131}},{"start":{"line":326,"column":134},"end":{"line":326,"column":142}}],"line":326},"21":{"loc":{"start":{"line":334,"column":79},"end":{"line":334,"column":109}},"type":"cond-expr","locations":[{"start":{"line":334,"column":90},"end":{"line":334,"column":96}},{"start":{"line":334,"column":99},"end":{"line":334,"column":109}}],"line":334},"22":{"loc":{"start":{"line":341,"column":79},"end":{"line":341,"column":112}},"type":"cond-expr","locations":[{"start":{"line":341,"column":93},"end":{"line":341,"column":99}},{"start":{"line":341,"column":102},"end":{"line":341,"column":112}}],"line":341},"23":{"loc":{"start":{"line":348,"column":86},"end":{"line":348,"column":120}},"type":"cond-expr","locations":[{"start":{"line":348,"column":101},"end":{"line":348,"column":107}},{"start":{"line":348,"column":110},"end":{"line":348,"column":120}}],"line":348},"24":{"loc":{"start":{"line":359,"column":106},"end":{"line":359,"column":138}},"type":"cond-expr","locations":[{"start":{"line":359,"column":125},"end":{"line":359,"column":127}},{"start":{"line":359,"column":130},"end":{"line":359,"column":138}}],"line":359},"25":{"loc":{"start":{"line":381,"column":72},"end":{"line":381,"column":111}},"type":"cond-expr","locations":[{"start":{"line":381,"column":99},"end":{"line":381,"column":104}},{"start":{"line":381,"column":107},"end":{"line":381,"column":111}}],"line":381},"26":{"loc":{"start":{"line":395,"column":32},"end":{"line":401,"column":42}},"type":"cond-expr","locations":[{"start":{"line":396,"column":32},"end":{"line":401,"column":38}},{"start":{"line":401,"column":40},"end":{"line":401,"column":42}}],"line":395},"27":{"loc":{"start":{"line":398,"column":50},"end":{"line":398,"column":97}},"type":"cond-expr","locations":[{"start":{"line":398,"column":64},"end":{"line":398,"column":80}},{"start":{"line":398,"column":83},"end":{"line":398,"column":97}}],"line":398},"28":{"loc":{"start":{"line":399,"column":46},"end":{"line":399,"column":81}},"type":"cond-expr","locations":[{"start":{"line":399,"column":60},"end":{"line":399,"column":69}},{"start":{"line":399,"column":72},"end":{"line":399,"column":81}}],"line":399}},"s":{"0":1,"1":3,"2":3,"3":2,"4":2,"5":2,"6":2,"7":2,"8":2,"9":2,"10":2,"11":2,"12":2,"13":2,"14":2,"15":2,"16":2,"17":2,"18":2,"19":2,"20":2,"21":2,"22":2,"23":2,"24":0,"25":2,"26":2,"27":2,"28":2,"29":2,"30":0,"31":2,"32":2,"33":2,"34":2,"35":2,"36":2,"37":2,"38":2,"39":0,"40":0,"41":0,"42":0,"43":0,"44":0,"45":0,"46":0,"47":0,"48":0,"49":0,"50":0,"51":0,"52":0,"53":0,"54":0,"55":0,"56":2,"57":0,"58":0,"59":0,"60":0,"61":0,"62":0,"63":0,"64":0,"65":0,"66":2,"67":2,"68":2,"69":2,"70":2,"71":2,"72":0,"73":0,"74":0,"75":0,"76":0,"77":0,"78":0,"79":0,"80":0,"81":2,"82":2,"83":0,"84":0,"85":2,"86":0,"87":0,"88":0,"89":0,"90":2,"91":0,"92":0,"93":0,"94":2,"95":0,"96":0,"97":0,"98":2,"99":0,"100":0,"101":0,"102":2,"103":2,"104":2,"105":2,"106":0,"107":0,"108":2,"109":0,"110":0,"111":0,"112":0,"113":0,"114":0,"115":0,"116":0},"f":{"0":3,"1":2,"2":2,"3":2,"4":2,"5":2,"6":2,"7":0,"8":0,"9":0,"10":0,"11":0,"12":2,"13":0,"14":0,"15":2,"16":0,"17":0,"18":0,"19":0,"20":0,"21":0,"22":0,"23":0,"24":0,"25":0,"26":0,"27":0,"28":0,"29":0,"30":0},"b":{"0":[2,0],"1":[2,0],"2":[2,0],"3":[2,0],"4":[0,2],"5":[2,0,0,0,0],"6":[0,0],"7":[0,0],"8":[0,0],"9":[0,0,0,0,0,0],"10":[0,0],"11":[0,0],"12":[0,0],"13":[0,2],"14":[0,2],"15":[0,2],"16":[0,2],"17":[0,2],"18":[0,2],"19":[2,0],"20":[0,2],"21":[0,2],"22":[0,2],"23":[0,2],"24":[0,2],"25":[0,0],"26":[0,2],"27":[0,0],"28":[0,0]},"_coverageSchema":"1a1c01bbd47fc00a2c39e90264f33305004495a9","hash":"861686b549b25f6f0d4ae7b49e5048624111dd2c"}
}
