TN:
SF:src\api\setCookie.js
FN:1,(anonymous_0)
FNF:1
FNH:0
FNDA:0,(anonymous_0)
DA:1,1
DA:2,0
DA:4,0
LF:3
LH:1
BRF:0
BRH:0
end_of_record
TN:
SF:src\components\Button\Button.jsx
FN:4,(anonymous_0)
FNF:1
FNH:1
FNDA:13,(anonymous_0)
DA:4,1
DA:5,13
LF:2
LH:2
BRF:0
BRH:0
end_of_record
TN:
SF:src\components\LoginAndRegister\RegisterForm.jsx
FN:7,(anonymous_0)
FN:13,(anonymous_1)
FN:51,(anonymous_2)
FN:63,(anonymous_3)
FN:75,(anonymous_4)
FN:87,(anonymous_5)
FN:100,(anonymous_6)
FNF:7
FNH:7
FNDA:13,(anonymous_0)
FNDA:2,(anonymous_1)
FNDA:2,(anonymous_2)
FNDA:2,(anonymous_3)
FNDA:2,(anonymous_4)
FNDA:2,(anonymous_5)
FNDA:1,(anonymous_6)
DA:7,1
DA:8,13
DA:9,13
DA:10,13
DA:11,13
DA:12,13
DA:13,13
DA:14,2
DA:15,2
DA:16,2
DA:26,1
DA:27,1
DA:28,1
DA:32,0
DA:35,1
DA:39,13
DA:51,2
DA:63,2
DA:75,2
DA:87,2
DA:100,1
LF:21
LH:20
BRDA:26,0,0,1
BRDA:26,0,1,0
BRF:2
BRH:1
end_of_record
TN:
SF:src\lib\constants.js
FNF:0
FNH:0
DA:1,1
LF:1
LH:1
BRF:0
BRH:0
end_of_record
TN:
SF:src\pages\Account.jsx
FN:15,(anonymous_0)
FN:32,(anonymous_1)
FN:40,(anonymous_2)
FN:42,(anonymous_3)
FN:51,(anonymous_4)
FN:53,(anonymous_5)
FN:63,(anonymous_6)
FN:78,(anonymous_7)
FN:91,(anonymous_8)
FN:99,(anonymous_9)
FN:118,(anonymous_10)
FN:124,(anonymous_11)
FN:125,(anonymous_12)
FN:137,(anonymous_13)
FN:146,(anonymous_14)
FN:162,(anonymous_15)
FN:164,(anonymous_16)
FN:170,(anonymous_17)
FN:174,(anonymous_18)
FN:183,(anonymous_19)
FN:189,(anonymous_20)
FN:195,(anonymous_21)
FN:205,(anonymous_22)
FN:217,(anonymous_23)
FN:283,(anonymous_24)
FN:318,(anonymous_25)
FN:333,(anonymous_26)
FN:340,(anonymous_27)
FN:347,(anonymous_28)
FN:351,(anonymous_29)
FN:363,(anonymous_30)
FN:374,(anonymous_31)
FNF:32
FNH:9
FNDA:3,(anonymous_0)
FNDA:2,(anonymous_1)
FNDA:2,(anonymous_2)
FNDA:2,(anonymous_3)
FNDA:2,(anonymous_4)
FNDA:2,(anonymous_5)
FNDA:1,(anonymous_6)
FNDA:0,(anonymous_7)
FNDA:0,(anonymous_8)
FNDA:0,(anonymous_9)
FNDA:0,(anonymous_10)
FNDA:0,(anonymous_11)
FNDA:0,(anonymous_12)
FNDA:0,(anonymous_13)
FNDA:0,(anonymous_14)
FNDA:2,(anonymous_15)
FNDA:0,(anonymous_16)
FNDA:0,(anonymous_17)
FNDA:0,(anonymous_18)
FNDA:0,(anonymous_19)
FNDA:0,(anonymous_20)
FNDA:0,(anonymous_21)
FNDA:0,(anonymous_22)
FNDA:0,(anonymous_23)
FNDA:0,(anonymous_24)
FNDA:1,(anonymous_25)
FNDA:0,(anonymous_26)
FNDA:0,(anonymous_27)
FNDA:0,(anonymous_28)
FNDA:0,(anonymous_29)
FNDA:0,(anonymous_30)
FNDA:0,(anonymous_31)
DA:15,1
DA:16,3
DA:18,3
DA:19,2
DA:20,2
DA:21,2
DA:22,2
DA:23,2
DA:24,2
DA:25,2
DA:26,2
DA:28,2
DA:29,2
DA:30,2
DA:32,2
DA:34,2
DA:35,2
DA:36,2
DA:40,2
DA:41,2
DA:42,2
DA:43,2
DA:46,0
DA:51,2
DA:52,2
DA:53,2
DA:54,2
DA:55,2
DA:59,0
DA:63,2
DA:64,1
DA:65,1
DA:66,1
DA:67,1
DA:68,1
DA:70,1
DA:71,1
DA:72,0
DA:79,0
DA:80,0
DA:81,0
DA:83,0
DA:84,0
DA:89,0
DA:90,0
DA:91,0
DA:92,0
DA:100,0
DA:101,0
DA:102,0
DA:104,0
DA:105,0
DA:112,0
DA:113,0
DA:118,2
DA:119,0
DA:120,0
DA:122,0
DA:123,0
DA:124,0
DA:126,0
DA:127,0
DA:128,0
DA:129,0
DA:133,0
DA:137,2
DA:138,0
DA:139,0
DA:140,0
DA:142,0
DA:143,0
DA:147,0
DA:148,0
DA:149,0
DA:151,0
DA:152,0
DA:156,0
DA:157,0
DA:162,2
DA:163,2
DA:164,0
DA:165,0
DA:170,2
DA:172,0
DA:174,0
DA:176,0
DA:179,0
DA:183,2
DA:184,0
DA:185,0
DA:186,0
DA:189,2
DA:190,0
DA:191,0
DA:192,0
DA:195,2
DA:196,0
DA:197,0
DA:198,0
DA:201,2
DA:202,2
DA:203,2
DA:205,2
DA:206,0
DA:207,0
DA:210,2
DA:217,0
DA:283,0
DA:318,1
DA:333,0
DA:340,0
DA:347,0
DA:351,0
DA:364,0
DA:375,0
LF:115
LH:49
BRDA:41,0,0,2
BRDA:41,0,1,0
BRDA:52,1,0,2
BRDA:52,1,1,0
BRDA:54,2,0,2
BRDA:54,2,1,0
BRDA:70,3,0,1
BRDA:70,3,1,0
BRDA:71,4,0,0
BRDA:71,4,1,1
BRDA:71,5,0,1
BRDA:71,5,1,0
BRDA:71,5,2,0
BRDA:71,5,3,0
BRDA:71,5,4,0
BRDA:79,6,0,0
BRDA:79,6,1,0
BRDA:89,7,0,0
BRDA:89,7,1,0
BRDA:90,8,0,0
BRDA:90,8,1,0
BRDA:90,9,0,0
BRDA:90,9,1,0
BRDA:90,9,2,0
BRDA:90,9,3,0
BRDA:90,9,4,0
BRDA:90,9,5,0
BRDA:100,10,0,0
BRDA:100,10,1,0
BRDA:142,11,0,0
BRDA:142,11,1,0
BRDA:147,12,0,0
BRDA:147,12,1,0
BRDA:163,13,0,0
BRDA:163,13,1,2
BRDA:201,14,0,0
BRDA:201,14,1,2
BRDA:202,15,0,0
BRDA:202,15,1,2
BRDA:203,16,0,0
BRDA:203,16,1,2
BRDA:273,17,0,0
BRDA:273,17,1,2
BRDA:279,18,0,0
BRDA:279,18,1,2
BRDA:279,19,0,2
BRDA:279,19,1,0
BRDA:324,20,0,0
BRDA:324,20,1,2
BRDA:332,21,0,0
BRDA:332,21,1,2
BRDA:339,22,0,0
BRDA:339,22,1,2
BRDA:346,23,0,0
BRDA:346,23,1,2
BRDA:357,24,0,0
BRDA:357,24,1,2
BRDA:379,25,0,0
BRDA:379,25,1,0
BRDA:393,26,0,0
BRDA:393,26,1,2
BRDA:396,27,0,0
BRDA:396,27,1,0
BRDA:397,28,0,0
BRDA:397,28,1,0
BRF:65
BRH:19
end_of_record
TN:
SF:src\pages\Register.jsx
FN:6,(anonymous_0)
FNF:1
FNH:1
FNDA:2,(anonymous_0)
DA:6,1
DA:7,2
LF:2
LH:2
BRF:0
BRH:0
end_of_record
TN:
SF:test\FileMock.js
FNF:0
FNH:0
DA:1,1
LF:1
LH:1
BRF:0
BRH:0
end_of_record
