TN:
SF:src\pages\Account.jsx
FN:14,(anonymous_0)
FN:31,(anonymous_1)
FN:41,(anonymous_2)
FN:43,(anonymous_3)
FN:52,(anonymous_4)
FN:54,(anonymous_5)
FN:64,(anonymous_6)
FN:79,(anonymous_7)
FN:101,(anonymous_8)
FN:118,(anonymous_9)
FN:124,(anonymous_10)
FN:125,(anonymous_11)
FN:136,(anonymous_12)
FN:142,(anonymous_13)
FN:147,(anonymous_14)
FN:164,(anonymous_15)
FN:166,(anonymous_16)
FN:172,(anonymous_17)
FN:176,(anonymous_18)
FN:185,(anonymous_19)
FN:191,(anonymous_20)
FN:197,(anonymous_21)
FN:207,(anonymous_22)
FN:219,(anonymous_23)
FN:285,(anonymous_24)
FN:335,(anonymous_25)
FN:342,(anonymous_26)
FN:349,(anonymous_27)
FN:353,(anonymous_28)
FN:365,(anonymous_29)
FN:376,(anonymous_30)
FNF:31
FNH:9
FNDA:3,(anonymous_0)
FNDA:2,(anonymous_1)
FNDA:2,(anonymous_2)
FNDA:2,(anonymous_3)
FNDA:2,(anonymous_4)
FNDA:2,(anonymous_5)
FNDA:2,(anonymous_6)
FNDA:0,(anonymous_7)
FNDA:0,(anonymous_8)
FNDA:0,(anonymous_9)
FNDA:0,(anonymous_10)
FNDA:0,(anonymous_11)
FNDA:2,(anonymous_12)
FNDA:0,(anonymous_13)
FNDA:0,(anonymous_14)
FNDA:2,(anonymous_15)
FNDA:0,(anonymous_16)
FNDA:0,(anonymous_17)
FNDA:0,(anonymous_18)
FNDA:0,(anonymous_19)
FNDA:0,(anonymous_20)
FNDA:0,(anonymous_21)
FNDA:0,(anonymous_22)
FNDA:0,(anonymous_23)
FNDA:0,(anonymous_24)
FNDA:0,(anonymous_25)
FNDA:0,(anonymous_26)
FNDA:0,(anonymous_27)
FNDA:0,(anonymous_28)
FNDA:0,(anonymous_29)
FNDA:0,(anonymous_30)
DA:14,1
DA:15,3
DA:17,3
DA:18,2
DA:19,2
DA:20,2
DA:21,2
DA:22,2
DA:23,2
DA:24,2
DA:25,2
DA:27,2
DA:28,2
DA:29,2
DA:31,2
DA:33,2
DA:34,2
DA:35,2
DA:36,2
DA:37,2
DA:41,2
DA:42,2
DA:43,2
DA:44,2
DA:47,0
DA:52,2
DA:53,2
DA:54,2
DA:55,2
DA:56,2
DA:60,0
DA:64,2
DA:65,2
DA:66,2
DA:67,2
DA:68,2
DA:69,2
DA:71,2
DA:72,2
DA:73,0
DA:80,0
DA:81,0
DA:82,0
DA:84,0
DA:85,0
DA:90,0
DA:91,0
DA:92,0
DA:94,0
DA:102,0
DA:103,0
DA:104,0
DA:106,0
DA:107,0
DA:112,0
DA:113,0
DA:118,2
DA:119,0
DA:120,0
DA:122,0
DA:123,0
DA:124,0
DA:126,0
DA:127,0
DA:128,0
DA:132,0
DA:136,2
DA:137,2
DA:138,2
DA:139,2
DA:140,2
DA:142,2
DA:143,0
DA:144,0
DA:148,0
DA:149,0
DA:150,0
DA:152,0
DA:153,0
DA:157,0
DA:158,0
DA:164,2
DA:165,2
DA:166,0
DA:167,0
DA:172,2
DA:174,0
DA:176,0
DA:178,0
DA:181,0
DA:185,2
DA:186,0
DA:187,0
DA:188,0
DA:191,2
DA:192,0
DA:193,0
DA:194,0
DA:197,2
DA:198,0
DA:199,0
DA:200,0
DA:203,2
DA:204,2
DA:205,2
DA:207,2
DA:208,0
DA:209,0
DA:212,2
DA:219,0
DA:285,0
DA:335,0
DA:342,0
DA:349,0
DA:353,0
DA:366,0
DA:377,0
LF:117
LH:55
BRDA:42,0,0,2
BRDA:42,0,1,0
BRDA:53,1,0,2
BRDA:53,1,1,0
BRDA:55,2,0,2
BRDA:55,2,1,0
BRDA:71,3,0,2
BRDA:71,3,1,0
BRDA:72,4,0,0
BRDA:72,4,1,2
BRDA:72,5,0,2
BRDA:72,5,1,0
BRDA:72,5,2,0
BRDA:72,5,3,0
BRDA:72,5,4,0
BRDA:80,6,0,0
BRDA:80,6,1,0
BRDA:90,7,0,0
BRDA:90,7,1,0
BRDA:91,8,0,0
BRDA:91,8,1,0
BRDA:91,9,0,0
BRDA:91,9,1,0
BRDA:91,9,2,0
BRDA:91,9,3,0
BRDA:91,9,4,0
BRDA:91,9,5,0
BRDA:102,10,0,0
BRDA:102,10,1,0
BRDA:143,11,0,0
BRDA:143,11,1,0
BRDA:148,12,0,0
BRDA:148,12,1,0
BRDA:165,13,0,0
BRDA:165,13,1,2
BRDA:203,14,0,0
BRDA:203,14,1,2
BRDA:204,15,0,0
BRDA:204,15,1,2
BRDA:205,16,0,0
BRDA:205,16,1,2
BRDA:275,17,0,0
BRDA:275,17,1,2
BRDA:281,18,0,0
BRDA:281,18,1,2
BRDA:281,19,0,2
BRDA:281,19,1,0
BRDA:326,20,0,0
BRDA:326,20,1,2
BRDA:334,21,0,0
BRDA:334,21,1,2
BRDA:341,22,0,0
BRDA:341,22,1,2
BRDA:348,23,0,0
BRDA:348,23,1,2
BRDA:359,24,0,0
BRDA:359,24,1,2
BRDA:381,25,0,0
BRDA:381,25,1,0
BRDA:395,26,0,0
BRDA:395,26,1,2
BRDA:398,27,0,0
BRDA:398,27,1,0
BRDA:399,28,0,0
BRDA:399,28,1,0
BRF:65
BRH:19
end_of_record
